<?xml version="1.0" encoding="UTF-8"?>
<!-- Generated by org.testng.reporters.JUnitReportReporter -->
<testsuite hostname="DESKTOP-JEIMVIP" failures="0" tests="1" name="scripts.TestCase3" time="22.765" errors="0" timestamp="2022-09-12T13:33:07 IST" skipped="0">
  <testcase classname="scripts.TestCase3" name="tc3" time="22.765"/>
  <system-out/>
</testsuite> <!-- scripts.TestCase3 -->
